+ /home/user/miniconda3/envs/cutler_dinov3/bin/python scripts/train.py --config /home/user/a1_rlef_project/configs/dgb_rlef/p2b_p2b_dgb_route_only_adaptive_gauge_safe_router.yml --output_dir /home/user/a1_rlef_project/experiments/p2b_p2b_dgb_route_only_adaptive_gauge_safe_router_seed3407 --device cuda --max_steps 1000
{"step": 1, "loss": 0.5547460913658142, "rec": 0.29637229442596436, "phys": 0.29046210646629333, "poisson": 0.36360663175582886, "gauge": 1.3387945890426636, "e_shape": 0.9143903255462646, "id": 0.024436987936496735, "gate": 0.18719883263111115, "q": 0.5194884538650513, "wtv": 0.12013202160596848}
{"step": 100, "loss": 0.28336524963378906, "rec": 0.18835760653018951, "phys": 0.1549091935157776, "poisson": 0.1596868634223938, "gauge": 0.30655762553215027, "e_shape": 0.45807361602783203, "id": 0.010470347478985786, "gate": 0.3351699113845825, "q": 0.11520600318908691, "wtv": 0.0505267009139061}
{"step": 200, "loss": 0.2552400529384613, "rec": 0.1589386761188507, "phys": 0.11422853171825409, "poisson": 0.1737920641899109, "gauge": 0.3547617793083191, "e_shape": 0.5221636295318604, "id": 0.019772987812757492, "gate": 0.33496707677841187, "q": 0.04030059278011322, "wtv": 0.04961707442998886}
{"step": 300, "loss": 0.345063179731369, "rec": 0.24372774362564087, "phys": 0.19010838866233826, "poisson": 0.16778135299682617, "gauge": 0.38501811027526855, "e_shape": 0.3641161024570465, "id": 0.03751733899116516, "gate": 0.2881520986557007, "q": 0.024697499349713326, "wtv": 0.035760220140218735}
{"step": 400, "loss": 0.2573382556438446, "rec": 0.16728182137012482, "phys": 0.13757149875164032, "poisson": 0.2328902781009674, "gauge": 0.3775021433830261, "e_shape": 0.25755220651626587, "id": 0.018150214105844498, "gate": 0.30630069971084595, "q": 0.009645659476518631, "wtv": 0.02332311123609543}
{"step": 500, "loss": 0.25740429759025574, "rec": 0.17294716835021973, "phys": 0.1520291268825531, "poisson": 0.06557513773441315, "gauge": 0.19518262147903442, "e_shape": 0.6233900189399719, "id": 0.023311100900173187, "gate": 0.33566612005233765, "q": 0.013198909349739552, "wtv": 0.01213566493242979}
{"step": 600, "loss": 0.23877769708633423, "rec": 0.15679879486560822, "phys": 0.1212175190448761, "poisson": 0.08279098570346832, "gauge": 0.2816932201385498, "e_shape": 0.4885154962539673, "id": 0.009675501845777035, "gate": 0.2883490025997162, "q": 0.03543125092983246, "wtv": 0.01962679624557495}
{"step": 700, "loss": 0.18267472088336945, "rec": 0.11330734193325043, "phys": 0.10631319880485535, "poisson": 0.09163572639226913, "gauge": 0.19690492749214172, "e_shape": 0.46678394079208374, "id": 0.012729999609291553, "gate": 0.2592191696166992, "q": 0.006623418070375919, "wtv": 0.011873024515807629}
{"step": 800, "loss": 0.259503573179245, "rec": 0.17218302190303802, "phys": 0.11715666949748993, "poisson": 0.3575998544692993, "gauge": 0.23776811361312866, "e_shape": 0.4442610442638397, "id": 0.02410943992435932, "gate": 0.23794734477996826, "q": 0.011350570246577263, "wtv": 0.020451558753848076}
{"step": 900, "loss": 0.23551411926746368, "rec": 0.15412214398384094, "phys": 0.12531860172748566, "poisson": 0.01801214925944805, "gauge": 0.2260119616985321, "e_shape": 0.6156334280967712, "id": 0.012663708999752998, "gate": 0.3373287320137024, "q": 0.053206976503133774, "wtv": 0.01233556680381298}
{"step": 1000, "loss": 0.24421736598014832, "rec": 0.15070798993110657, "phys": 0.11242599785327911, "poisson": 0.018264872953295708, "gauge": 0.3836192488670349, "e_shape": 0.6194780468940735, "id": 0.02323869615793228, "gate": 0.26608723402023315, "q": 0.02144966647028923, "wtv": 0.009045539423823357}
{
  "DONE": true,
  "run_id": "p2b_p2b_dgb_route_only_adaptive_gauge_safe_router_seed3407",
  "command": "scripts/train.py --config /home/user/a1_rlef_project/configs/dgb_rlef/p2b_p2b_dgb_route_only_adaptive_gauge_safe_router.yml --output_dir /home/user/a1_rlef_project/experiments/p2b_p2b_dgb_route_only_adaptive_gauge_safe_router_seed3407 --device cuda --max_steps 1000",
  "steps": 1000,
  "elapsed_sec": 191.90139508247375,
  "config": {
    "seed": 3407,
    "protocol": {
      "stage": "P2B DGB controlled isolation",
      "variant_id": "P2B_DGB_ROUTE_ONLY",
      "variant_name": "adaptive_gauge_safe_router",
      "isolation_factor": "route_only",
      "notes": "Controlled isolation: keep the recoverability safe router, but revert gauge calibration to the adaptive feature-head gauge used by earlier P3/P6-style runs.",
      "phase2_controlled_isolation": true
    },
    "model": {
      "base_channels": 24,
      "e_max": 3.5,
      "exposure_branch": true,
      "adaptive_gauge": true,
      "fixed_gauge": null,
      "physics_branch": true,
      "gate_branch": true,
      "q_branch": true,
      "backbone": "multiscale",
      "backbone_blocks": 3,
      "type": "DGB_RLEF_MINIMAL",
      "gauge_mode": "adaptive_head",
      "gauge_mu_min": -1.0,
      "gauge_mu_max": 2.5,
      "route_type": "recoverability_safe_router",
      "safe_alpha": 0.7
    },
    "training": {
      "batch_size": 8,
      "max_steps": 1000,
      "lr": 0.0002,
      "weight_decay": 0.0001,
      "crop_size": 128,
      "log_every": 100,
      "num_workers": 0,
      "grad_clip": 1.0,
      "phase2_controlled_isolation": true
    },
    "eval": {
      "batch_size": 1
    },
    "data": {
      "train": [
        {
          "type": "uefb",
          "root": "/home/user/a1_rlef_project/data/UEFB-v2/train",
          "crop_size": 128,
          "augment": true,
          "max_images": null
        },
        {
          "type": "paired_rgb",
          "low_dir": "/home/user/a1_rlef_project/data/LOL-v2/Real_captured/Train/Low",
          "high_dir": "/home/user/a1_rlef_project/data/LOL-v2/Real_captured/Train/Normal",
          "crop_size": 128,
          "augment": true,
          "max_images": null,
          "name": "LOL-v2-real-train"
        },
        {
          "type": "paired_rgb",
          "low_dir": "/home/user/a1_rlef_project/data/LOL-v2/Synthetic/Train/Low",
          "high_dir": "/home/user/a1_rlef_project/data/LOL-v2/Synthetic/Train/Normal",
          "crop_size": 128,
          "augment": true,
          "max_images": null,
          "name": "LOL-v2-synthetic-train"
        }
      ],
      "val": {
        "type": "uefb",
        "root": "/home/user/a1_rlef_project/data/UEFB-v2/test",
        "crop_size": null,
        "augment": false,
        "max_images": null
      }
    },
    "loss": {
      "rec": 1.0,
      "phys": 0.15,
      "poisson": 0.05,
      "gauge": 0.1,
      "id": 0.02,
      "gate": 0.02,
      "wtv": 0.02,
      "e_shape": 0.05,
      "e_shape_kernel": 7,
      "e_shape_beta": 0.1,
      "q": 0.02
    },
    "forbidden": {
      "teacher_distill": true,
      "rec_by_dataset": true,
      "real_anchor_above_0p010": true
    }
  },
  "metrics": {
    "psnr": 17.71322127532959,
    "ssim": 0.8047575721740723,
    "lee": 0.2720285214856267,
    "nai": 1.7642360321283341,
    "input_psnr": 12.995622906684876,
    "identity_drop": 4.717598363876343,
    "q_ece": 0.407487540230155,
    "over": 0.0,
    "under": 0.0,
    "E_MAE": 0.2842141687273979,
    "E_MAE_aligned": 0.20041519598290325,
    "E_corr": 0.46531522733066233
  },
  "checkpoint": "/home/user/a1_rlef_project/experiments/p2b_p2b_dgb_route_only_adaptive_gauge_safe_router_seed3407/checkpoints/last.pth"
}
+ /home/user/miniconda3/envs/cutler_dinov3/bin/python scripts/eval_paired.py --config /home/user/a1_rlef_project/configs/dgb_rlef/p2b_p2b_dgb_route_only_adaptive_gauge_safe_router.yml --checkpoint /home/user/a1_rlef_project/experiments/p2b_p2b_dgb_route_only_adaptive_gauge_safe_router_seed3407/checkpoints/last.pth --low_dir /home/user/a1_rlef_project/data/LOL-v2/Real_captured/Test/Low --high_dir /home/user/a1_rlef_project/data/LOL-v2/Real_captured/Test/Normal --output_dir /home/user/a1_rlef_project/experiments/p2b_p2b_dgb_route_only_adaptive_gauge_safe_router_seed3407/paired_eval/real --device cuda --domain real
/home/user/a1_rlef_project/scripts/eval_paired.py:18: FutureWarning: You are using `torch.load` with `weights_only=False` (the current default value), which uses the default pickle module implicitly. It is possible to construct malicious pickle data which will execute arbitrary code during unpickling (See https://github.com/pytorch/pytorch/blob/main/SECURITY.md#untrusted-models for more details). In a future release, the default value for `weights_only` will be flipped to `True`. This limits the functions that could be executed during unpickling. Arbitrary objects will no longer be allowed to be loaded via this mode unless they are explicitly allowlisted by the user via `torch.serialization.add_safe_globals`. We recommend you start setting `weights_only=True` for any use case where you don't have full control of the loaded file. Please open an issue on GitHub for any issues related to this experimental feature.
  model=build_model(cfg).to(device); ckpt=torch.load(args.checkpoint,map_location=device); model.load_state_dict(ckpt['model'])
{
  "psnr": 19.966537094116212,
  "ssim": 0.778243048787117,
  "lee": 0.2345351867377758,
  "nai": 2.569394954442978,
  "input_psnr": 9.718215217590332,
  "identity_drop": 10.248321886062621,
  "q_ece": 0.5295606476068496,
  "over": 6.26388893533658e-05,
  "under": 0.0,
  "E_MAE": 0.37592049486935136,
  "E_MAE_aligned": 0.31378362990915776,
  "E_corr": 0.6638692811131477
}
+ /home/user/miniconda3/envs/cutler_dinov3/bin/python scripts/eval_paired.py --config /home/user/a1_rlef_project/configs/dgb_rlef/p2b_p2b_dgb_route_only_adaptive_gauge_safe_router.yml --checkpoint /home/user/a1_rlef_project/experiments/p2b_p2b_dgb_route_only_adaptive_gauge_safe_router_seed3407/checkpoints/last.pth --low_dir /home/user/a1_rlef_project/data/LOL-v2/Synthetic/Test/Low --high_dir /home/user/a1_rlef_project/data/LOL-v2/Synthetic/Test/Normal --output_dir /home/user/a1_rlef_project/experiments/p2b_p2b_dgb_route_only_adaptive_gauge_safe_router_seed3407/paired_eval/synthetic --device cuda --domain synthetic
/home/user/a1_rlef_project/scripts/eval_paired.py:18: FutureWarning: You are using `torch.load` with `weights_only=False` (the current default value), which uses the default pickle module implicitly. It is possible to construct malicious pickle data which will execute arbitrary code during unpickling (See https://github.com/pytorch/pytorch/blob/main/SECURITY.md#untrusted-models for more details). In a future release, the default value for `weights_only` will be flipped to `True`. This limits the functions that could be executed during unpickling. Arbitrary objects will no longer be allowed to be loaded via this mode unless they are explicitly allowlisted by the user via `torch.serialization.add_safe_globals`. We recommend you start setting `weights_only=True` for any use case where you don't have full control of the loaded file. Please open an issue on GitHub for any issues related to this experimental feature.
  model=build_model(cfg).to(device); ckpt=torch.load(args.checkpoint,map_location=device); model.load_state_dict(ckpt['model'])
{
  "psnr": 17.94501919746399,
  "ssim": 0.7611837592720986,
  "lee": 0.30108964098617436,
  "nai": 1.310424070954323,
  "input_psnr": 11.220927743911743,
  "identity_drop": 6.724091444015503,
  "q_ece": 0.5612455120682717,
  "over": 9.946469890564912e-07,
  "under": 0.0,
  "E_MAE": 0.6385385083034635,
  "E_MAE_aligned": 0.5738730739243328,
  "E_corr": 0.8370390674471855
}
