+ /home/user/miniconda3/envs/cutler_dinov3/bin/python scripts/train.py --config /home/user/a1_rlef_project/configs/p7_domainhead/p7_p7_ms_daffine_gate_m4j_eshape_multiscale_domain_affine_gate.yml --output_dir /home/user/a1_rlef_project/experiments/p7_p7_ms_daffine_gate_m4j_eshape_multiscale_domain_affine_gate_seed3407 --device cuda --max_steps 1000
{"step": 1, "loss": 0.5721385478973389, "rec": 0.28939342498779297, "phys": 0.29494011402130127, "poisson": 0.2537551522254944, "gauge": 1.7321032285690308, "e_shape": 0.8731368184089661, "id": 0.006659540813416243, "gate": 0.32670217752456665, "wtv": 0.11409728229045868}
{"step": 100, "loss": 0.2190079540014267, "rec": 0.15468722581863403, "phys": 0.12848174571990967, "poisson": 0.13564983010292053, "gauge": 0.20599012076854706, "e_shape": 0.21386733651161194, "id": 0.007082478608936071, "gate": 0.29219114780426025, "wtv": 0.049406249076128006}
{"step": 200, "loss": 0.3150293529033661, "rec": 0.19899234175682068, "phys": 0.1974802017211914, "poisson": 0.4639209806919098, "gauge": 0.4774162173271179, "e_shape": 0.19757714867591858, "id": 0.01974445767700672, "gate": 0.22203291952610016, "wtv": 0.03814533352851868}
{"step": 300, "loss": 0.2863939702510834, "rec": 0.192121684551239, "phys": 0.12300033867359161, "poisson": 0.5122479200363159, "gauge": 0.2778576612472534, "e_shape": 0.3100181221961975, "id": 0.015559099614620209, "gate": 0.28277134895324707, "wtv": 0.04782658815383911}
{"step": 400, "loss": 0.22948119044303894, "rec": 0.13963647186756134, "phys": 0.1362154185771942, "poisson": 0.15167994797229767, "gauge": 0.33019357919692993, "e_shape": 0.43904781341552734, "id": 0.026633303612470627, "gate": 0.27586549520492554, "wtv": 0.04033482447266579}
{"step": 500, "loss": 0.2554491460323334, "rec": 0.17099621891975403, "phys": 0.1463407725095749, "poisson": 0.1924607753753662, "gauge": 0.29667913913726807, "e_shape": 0.36562615633010864, "id": 0.028361450880765915, "gate": 0.18022464215755463, "wtv": 0.037892282009124756}
{"step": 600, "loss": 0.27085235714912415, "rec": 0.16548548638820648, "phys": 0.1372409164905548, "poisson": 0.4213453531265259, "gauge": 0.4129829704761505, "e_shape": 0.30683043599128723, "id": 0.014090512879192829, "gate": 0.30511724948883057, "wtv": 0.03447399288415909}
{"step": 700, "loss": 0.25242337584495544, "rec": 0.1657354235649109, "phys": 0.14214658737182617, "poisson": 0.1802065223455429, "gauge": 0.3566913604736328, "e_shape": 0.30562326312065125, "id": 0.008823538199067116, "gate": 0.22962698340415955, "wtv": 0.031815305352211}
{"step": 800, "loss": 0.2148216813802719, "rec": 0.13335180282592773, "phys": 0.10946421325206757, "poisson": 0.056242845952510834, "gauge": 0.3285105526447296, "e_shape": 0.4729766249656677, "id": 0.024246657267212868, "gate": 0.23403479158878326, "wtv": 0.028629595413804054}
{"step": 900, "loss": 0.23151664435863495, "rec": 0.15247870981693268, "phys": 0.1442812979221344, "poisson": 0.03769301623106003, "gauge": 0.29078027606010437, "e_shape": 0.3948427140712738, "id": 0.03291414678096771, "gate": 0.274699866771698, "wtv": 0.02693263068795204}
{"step": 1000, "loss": 0.38459646701812744, "rec": 0.2441076636314392, "phys": 0.18809638917446136, "poisson": 0.45445382595062256, "gauge": 0.7423862218856812, "e_shape": 0.17328262329101562, "id": 0.01281477976590395, "gate": 0.28635698556900024, "wtv": 0.03327354043722153}
{
  "DONE": true,
  "run_id": "p7_p7_ms_daffine_gate_m4j_eshape_multiscale_domain_affine_gate_seed3407",
  "command": "scripts/train.py --config /home/user/a1_rlef_project/configs/p7_domainhead/p7_p7_ms_daffine_gate_m4j_eshape_multiscale_domain_affine_gate.yml --output_dir /home/user/a1_rlef_project/experiments/p7_p7_ms_daffine_gate_m4j_eshape_multiscale_domain_affine_gate_seed3407 --device cuda --max_steps 1000",
  "steps": 1000,
  "elapsed_sec": 104.47995519638062,
  "config": {
    "seed": 3407,
    "protocol": {
      "stage": "P7 domain-conditioned head structural route",
      "variant_id": "P7_MS_DAFFINE_GATE",
      "variant_name": "m4j_eshape_multiscale_domain_affine_gate",
      "domain_adapter": "feature_affine+gate_bias",
      "notes": "Keep P6 multiscale trunk but learn tiny domain-conditioned calibration adapters/heads instead of global scalar rec/gate knobs."
    },
    "model": {
      "base_channels": 24,
      "e_max": 3.5,
      "exposure_branch": true,
      "adaptive_gauge": true,
      "fixed_gauge": null,
      "physics_branch": true,
      "gate_branch": true,
      "q_branch": false,
      "backbone": "multiscale",
      "backbone_blocks": 3,
      "domain_conditioning": true,
      "domain_names": [
        "uefb",
        "real",
        "synthetic"
      ],
      "domain_embed_dim": 8,
      "domain_adapter": "feature_affine+gate_bias"
    },
    "training": {
      "batch_size": 8,
      "max_steps": 1000,
      "lr": 0.0002,
      "weight_decay": 0.0001,
      "crop_size": 128,
      "log_every": 100,
      "num_workers": 0,
      "grad_clip": 1.0
    },
    "eval": {
      "batch_size": 1
    },
    "data": {
      "train": [
        {
          "type": "uefb",
          "root": "/home/user/a1_rlef_project/data/UEFB-v2/train",
          "crop_size": 128,
          "augment": true,
          "max_images": null
        },
        {
          "type": "paired_rgb",
          "low_dir": "/home/user/a1_rlef_project/data/LOL-v2/Real_captured/Train/Low",
          "high_dir": "/home/user/a1_rlef_project/data/LOL-v2/Real_captured/Train/Normal",
          "crop_size": 128,
          "augment": true,
          "max_images": null,
          "name": "LOL-v2-real-train"
        },
        {
          "type": "paired_rgb",
          "low_dir": "/home/user/a1_rlef_project/data/LOL-v2/Synthetic/Train/Low",
          "high_dir": "/home/user/a1_rlef_project/data/LOL-v2/Synthetic/Train/Normal",
          "crop_size": 128,
          "augment": true,
          "max_images": null,
          "name": "LOL-v2-synthetic-train"
        }
      ],
      "val": {
        "type": "uefb",
        "root": "/home/user/a1_rlef_project/data/UEFB-v2/test",
        "crop_size": null,
        "augment": false,
        "max_images": null
      }
    },
    "loss": {
      "rec": 1.0,
      "phys": 0.15,
      "poisson": 0.05,
      "gauge": 0.1,
      "id": 0.02,
      "gate": 0.02,
      "wtv": 0.02,
      "e_shape": 0.05,
      "e_shape_kernel": 7
    }
  },
  "metrics": {
    "psnr": 17.532630689620973,
    "ssim": 0.8061758613586426,
    "lee": 0.2689665741696954,
    "nai": 1.6639608191251756,
    "input_psnr": 12.995622906684876,
    "identity_drop": 4.537007780075073,
    "q_ece": 0.42019942732155324,
    "over": 3.702799617713026e-06,
    "under": 1.0172526344831567e-08,
    "E_MAE": 0.27091836611926556,
    "E_MAE_aligned": 0.18839936379343272,
    "E_corr": 0.4859486765139736
  },
  "checkpoint": "/home/user/a1_rlef_project/experiments/p7_p7_ms_daffine_gate_m4j_eshape_multiscale_domain_affine_gate_seed3407/checkpoints/last.pth"
}
+ /home/user/miniconda3/envs/cutler_dinov3/bin/python scripts/eval_paired.py --config /home/user/a1_rlef_project/configs/p7_domainhead/p7_p7_ms_daffine_gate_m4j_eshape_multiscale_domain_affine_gate.yml --checkpoint /home/user/a1_rlef_project/experiments/p7_p7_ms_daffine_gate_m4j_eshape_multiscale_domain_affine_gate_seed3407/checkpoints/last.pth --low_dir /home/user/a1_rlef_project/data/LOL-v2/Real_captured/Test/Low --high_dir /home/user/a1_rlef_project/data/LOL-v2/Real_captured/Test/Normal --output_dir /home/user/a1_rlef_project/experiments/p7_p7_ms_daffine_gate_m4j_eshape_multiscale_domain_affine_gate_seed3407/paired_eval/real --device cuda --domain real
/home/user/a1_rlef_project/scripts/eval_paired.py:18: FutureWarning: You are using `torch.load` with `weights_only=False` (the current default value), which uses the default pickle module implicitly. It is possible to construct malicious pickle data which will execute arbitrary code during unpickling (See https://github.com/pytorch/pytorch/blob/main/SECURITY.md#untrusted-models for more details). In a future release, the default value for `weights_only` will be flipped to `True`. This limits the functions that could be executed during unpickling. Arbitrary objects will no longer be allowed to be loaded via this mode unless they are explicitly allowlisted by the user via `torch.serialization.add_safe_globals`. We recommend you start setting `weights_only=True` for any use case where you don't have full control of the loaded file. Please open an issue on GitHub for any issues related to this experimental feature.
  model=build_model(cfg).to(device); ckpt=torch.load(args.checkpoint,map_location=device); model.load_state_dict(ckpt['model'])
{
  "psnr": 17.020582294464113,
  "ssim": 0.7462387198209762,
  "lee": 0.3072052016109228,
  "nai": 2.611040780544281,
  "input_psnr": 9.718215217590332,
  "identity_drop": 7.302367086410523,
  "q_ece": 0.5947476354241371,
  "over": 6.305555725703016e-06,
  "under": 0.0,
  "E_MAE": 0.3817735850811005,
  "E_MAE_aligned": 0.28115580208599567,
  "E_corr": 0.6396600794792175
}
+ /home/user/miniconda3/envs/cutler_dinov3/bin/python scripts/eval_paired.py --config /home/user/a1_rlef_project/configs/p7_domainhead/p7_p7_ms_daffine_gate_m4j_eshape_multiscale_domain_affine_gate.yml --checkpoint /home/user/a1_rlef_project/experiments/p7_p7_ms_daffine_gate_m4j_eshape_multiscale_domain_affine_gate_seed3407/checkpoints/last.pth --low_dir /home/user/a1_rlef_project/data/LOL-v2/Synthetic/Test/Low --high_dir /home/user/a1_rlef_project/data/LOL-v2/Synthetic/Test/Normal --output_dir /home/user/a1_rlef_project/experiments/p7_p7_ms_daffine_gate_m4j_eshape_multiscale_domain_affine_gate_seed3407/paired_eval/synthetic --device cuda --domain synthetic
/home/user/a1_rlef_project/scripts/eval_paired.py:18: FutureWarning: You are using `torch.load` with `weights_only=False` (the current default value), which uses the default pickle module implicitly. It is possible to construct malicious pickle data which will execute arbitrary code during unpickling (See https://github.com/pytorch/pytorch/blob/main/SECURITY.md#untrusted-models for more details). In a future release, the default value for `weights_only` will be flipped to `True`. This limits the functions that could be executed during unpickling. Arbitrary objects will no longer be allowed to be loaded via this mode unless they are explicitly allowlisted by the user via `torch.serialization.add_safe_globals`. We recommend you start setting `weights_only=True` for any use case where you don't have full control of the loaded file. Please open an issue on GitHub for any issues related to this experimental feature.
  model=build_model(cfg).to(device); ckpt=torch.load(args.checkpoint,map_location=device); model.load_state_dict(ckpt['model'])
{
  "psnr": 18.124069623947143,
  "ssim": 0.7703119447827339,
  "lee": 0.27059455882757905,
  "nai": 1.3307714760303497,
  "input_psnr": 11.220927743911743,
  "identity_drop": 6.903141884803772,
  "q_ece": 0.5296911412477493,
  "over": 3.0291523071355186e-05,
  "under": 0.0,
  "E_MAE": 0.6036114075779915,
  "E_MAE_aligned": 0.5079653227701784,
  "E_corr": 0.7830202689766884
}
