+ /home/user/miniconda3/envs/cutler_dinov3/bin/python scripts/train.py --config /home/user/a1_rlef_project/configs/dgb_rlef/p2c_p2c_dgb_eshape025_image_stats_gauge_original_route_eshape025.yml --output_dir /home/user/a1_rlef_project/experiments/p2c_p2c_dgb_eshape025_image_stats_gauge_original_route_eshape025_seed3407 --device cuda --max_steps 1000
{"step": 1, "loss": 0.3532966375350952, "rec": 0.26849234104156494, "phys": 0.2858341336250305, "poisson": 0.19051958620548248, "e_shape": 0.5748559832572937, "id": 0.032580651342868805, "gate": 0.2793349623680115, "q": 0.48699435591697693, "wtv": 0.10267940163612366}
{"step": 100, "loss": 0.254340261220932, "rec": 0.18877488374710083, "phys": 0.13186869025230408, "poisson": 0.42947667837142944, "e_shape": 0.699306070804596, "id": 0.020907415077090263, "gate": 0.22711801528930664, "q": 0.06760494410991669, "wtv": 0.0257990974932909}
{"step": 200, "loss": 0.25131773948669434, "rec": 0.202220618724823, "phys": 0.1394115686416626, "poisson": 0.1376362293958664, "e_shape": 0.5090156197547913, "id": 0.011271701194345951, "gate": 0.35369962453842163, "q": 0.04702688008546829, "wtv": 0.016911223530769348}
{"step": 300, "loss": 0.21698932349681854, "rec": 0.1612519472837448, "phys": 0.10640023648738861, "poisson": 0.4428679347038269, "e_shape": 0.4423646628856659, "id": 0.015253966674208641, "gate": 0.28631162643432617, "q": 0.015965893864631653, "wtv": 0.01120962668210268}
{"step": 400, "loss": 0.18270611763000488, "rec": 0.14138880372047424, "phys": 0.11587236821651459, "poisson": 0.09256169199943542, "gauge": 0.6206690073013306, "e_shape": 0.5090351104736328, "id": 0.012445840984582901, "gate": 0.25938624143600464, "q": 0.009236621670424938, "wtv": 0.009263700805604458}
{"step": 500, "loss": 0.1659298539161682, "rec": 0.11877851188182831, "phys": 0.09522395581007004, "poisson": 0.2867998480796814, "gauge": 0.9570863842964172, "e_shape": 0.4442918598651886, "id": 0.009423641487956047, "gate": 0.22100073099136353, "q": 0.01192727405577898, "wtv": 0.009035412222146988}
{"step": 600, "loss": 0.28129178285598755, "rec": 0.22835120558738708, "phys": 0.17777276039123535, "poisson": 0.1569221317768097, "gauge": 0.8541189432144165, "e_shape": 0.3525225520133972, "id": 0.025681711733341217, "gate": 0.2820165455341339, "q": 0.006622839719057083, "wtv": 0.006305420771241188}
{"step": 700, "loss": 0.24417690932750702, "rec": 0.18647794425487518, "phys": 0.1281636655330658, "poisson": 0.31873804330825806, "gauge": 0.6820502281188965, "e_shape": 0.507661759853363, "id": 0.015038073062896729, "gate": 0.28267544507980347, "q": 0.012724796310067177, "wtv": 0.011347307823598385}
{"step": 800, "loss": 0.18739886581897736, "rec": 0.14855125546455383, "phys": 0.129547119140625, "poisson": 0.010076155886054039, "gauge": 0.49671071767807007, "e_shape": 0.4515135586261749, "id": 0.029844602569937706, "gate": 0.22205734252929688, "q": 0.00226682610809803, "wtv": 0.00284912483766675}
{"step": 900, "loss": 0.18403777480125427, "rec": 0.1297316551208496, "phys": 0.11152853071689606, "poisson": 0.27231019735336304, "gauge": 0.8398131728172302, "e_shape": 0.6136152148246765, "id": 0.013861208222806454, "gate": 0.19685590267181396, "q": 0.005505310371518135, "wtv": 0.004872035700827837}
{"step": 1000, "loss": 0.20490343868732452, "rec": 0.16426905989646912, "phys": 0.12430932372808456, "poisson": 0.01861715130507946, "gauge": 0.35166028141975403, "e_shape": 0.4931100308895111, "id": 0.01164792850613594, "gate": 0.2777704894542694, "q": 0.05173150822520256, "wtv": 0.007402937393635511}
{
  "DONE": true,
  "run_id": "p2c_p2c_dgb_eshape025_image_stats_gauge_original_route_eshape025_seed3407",
  "command": "scripts/train.py --config /home/user/a1_rlef_project/configs/dgb_rlef/p2c_p2c_dgb_eshape025_image_stats_gauge_original_route_eshape025.yml --output_dir /home/user/a1_rlef_project/experiments/p2c_p2c_dgb_eshape025_image_stats_gauge_original_route_eshape025_seed3407 --device cuda --max_steps 1000",
  "steps": 1000,
  "elapsed_sec": 177.76222109794617,
  "config": {
    "seed": 3407,
    "protocol": {
      "stage": "P2C UEFB recovery from Gauge-only",
      "variant_id": "P2C_DGB_ESHAPE025",
      "variant_name": "image_stats_gauge_original_route_eshape025",
      "base_variant": "P2B_DGB_GAUGE_ONLY",
      "intervention": "reduced_e_shape_weight",
      "notes": "P2C UEFB recovery: reduce gauge-invariant e_shape weight from 0.05 to 0.025 while keeping Gauge-only route unchanged.",
      "phase2c_uefb_recovery": true
    },
    "model": {
      "base_channels": 24,
      "e_max": 3.5,
      "exposure_branch": true,
      "adaptive_gauge": true,
      "fixed_gauge": null,
      "physics_branch": true,
      "gate_branch": true,
      "q_branch": true,
      "backbone": "multiscale",
      "backbone_blocks": 3,
      "type": "DGB_RLEF_MINIMAL",
      "gauge_mode": "image_stats",
      "gauge_mu_min": -1.0,
      "gauge_mu_max": 2.5,
      "route_type": "identity_gate",
      "safe_alpha": 0.7,
      "route_floor": 0.0
    },
    "training": {
      "batch_size": 8,
      "max_steps": 1000,
      "lr": 0.0002,
      "weight_decay": 0.0001,
      "crop_size": 128,
      "log_every": 100,
      "num_workers": 0,
      "grad_clip": 1.0,
      "phase2c_uefb_recovery": true
    },
    "eval": {
      "batch_size": 1
    },
    "data": {
      "train": [
        {
          "type": "uefb",
          "root": "/home/user/a1_rlef_project/data/UEFB-v2/train",
          "crop_size": 128,
          "augment": true,
          "max_images": null
        },
        {
          "type": "paired_rgb",
          "low_dir": "/home/user/a1_rlef_project/data/LOL-v2/Real_captured/Train/Low",
          "high_dir": "/home/user/a1_rlef_project/data/LOL-v2/Real_captured/Train/Normal",
          "crop_size": 128,
          "augment": true,
          "max_images": null,
          "name": "LOL-v2-real-train"
        },
        {
          "type": "paired_rgb",
          "low_dir": "/home/user/a1_rlef_project/data/LOL-v2/Synthetic/Train/Low",
          "high_dir": "/home/user/a1_rlef_project/data/LOL-v2/Synthetic/Train/Normal",
          "crop_size": 128,
          "augment": true,
          "max_images": null,
          "name": "LOL-v2-synthetic-train"
        }
      ],
      "val": {
        "type": "uefb",
        "root": "/home/user/a1_rlef_project/data/UEFB-v2/test",
        "crop_size": null,
        "augment": false,
        "max_images": null
      }
    },
    "loss": {
      "rec": 1.0,
      "phys": 0.15,
      "poisson": 0.05,
      "gauge": 0.0,
      "id": 0.02,
      "gate": 0.02,
      "wtv": 0.02,
      "e_shape": 0.025,
      "e_shape_kernel": 7,
      "gauge_schedule": {
        "ramp_start": 300,
        "full_start": 700,
        "max_weight": 0.005,
        "hard_cap": 0.01
      },
      "e_shape_beta": 0.1,
      "q": 0.02
    },
    "forbidden": {
      "teacher_distill": true,
      "rec_by_dataset": true,
      "real_anchor_above_0p010": true
    }
  },
  "metrics": {
    "psnr": 17.655403623580934,
    "ssim": 0.8113688169717789,
    "lee": 0.27314535207301377,
    "nai": 1.815648864030838,
    "input_psnr": 12.995622906684876,
    "identity_drop": 4.659780717849731,
    "q_ece": 0.40789674742519855,
    "over": 5.218506132223411e-06,
    "under": 3.4332276414716036e-05,
    "E_MAE": 0.496711218804121,
    "E_MAE_aligned": 0.2056511315498501,
    "E_corr": 0.4878566942629404
  },
  "checkpoint": "/home/user/a1_rlef_project/experiments/p2c_p2c_dgb_eshape025_image_stats_gauge_original_route_eshape025_seed3407/checkpoints/last.pth"
}
+ /home/user/miniconda3/envs/cutler_dinov3/bin/python scripts/eval_paired.py --config /home/user/a1_rlef_project/configs/dgb_rlef/p2c_p2c_dgb_eshape025_image_stats_gauge_original_route_eshape025.yml --checkpoint /home/user/a1_rlef_project/experiments/p2c_p2c_dgb_eshape025_image_stats_gauge_original_route_eshape025_seed3407/checkpoints/last.pth --low_dir /home/user/a1_rlef_project/data/LOL-v2/Real_captured/Test/Low --high_dir /home/user/a1_rlef_project/data/LOL-v2/Real_captured/Test/Normal --output_dir /home/user/a1_rlef_project/experiments/p2c_p2c_dgb_eshape025_image_stats_gauge_original_route_eshape025_seed3407/paired_eval/real --device cuda --domain real
/home/user/a1_rlef_project/scripts/eval_paired.py:18: FutureWarning: You are using `torch.load` with `weights_only=False` (the current default value), which uses the default pickle module implicitly. It is possible to construct malicious pickle data which will execute arbitrary code during unpickling (See https://github.com/pytorch/pytorch/blob/main/SECURITY.md#untrusted-models for more details). In a future release, the default value for `weights_only` will be flipped to `True`. This limits the functions that could be executed during unpickling. Arbitrary objects will no longer be allowed to be loaded via this mode unless they are explicitly allowlisted by the user via `torch.serialization.add_safe_globals`. We recommend you start setting `weights_only=True` for any use case where you don't have full control of the loaded file. Please open an issue on GitHub for any issues related to this experimental feature.
  model=build_model(cfg).to(device); ckpt=torch.load(args.checkpoint,map_location=device); model.load_state_dict(ckpt['model'])
{
  "psnr": 19.87253040313721,
  "ssim": 0.7772201353311539,
  "lee": 0.27458496756851675,
  "nai": 2.6124182736873625,
  "input_psnr": 9.718215217590332,
  "identity_drop": 10.154315190315247,
  "q_ece": 0.5313796530663967,
  "over": 3.362500056027784e-05,
  "under": 1.694444463282707e-06,
  "E_MAE": 0.7687552519142627,
  "E_MAE_aligned": 0.3158881702274084,
  "E_corr": 0.7079405367374421
}
+ /home/user/miniconda3/envs/cutler_dinov3/bin/python scripts/eval_paired.py --config /home/user/a1_rlef_project/configs/dgb_rlef/p2c_p2c_dgb_eshape025_image_stats_gauge_original_route_eshape025.yml --checkpoint /home/user/a1_rlef_project/experiments/p2c_p2c_dgb_eshape025_image_stats_gauge_original_route_eshape025_seed3407/checkpoints/last.pth --low_dir /home/user/a1_rlef_project/data/LOL-v2/Synthetic/Test/Low --high_dir /home/user/a1_rlef_project/data/LOL-v2/Synthetic/Test/Normal --output_dir /home/user/a1_rlef_project/experiments/p2c_p2c_dgb_eshape025_image_stats_gauge_original_route_eshape025_seed3407/paired_eval/synthetic --device cuda --domain synthetic
/home/user/a1_rlef_project/scripts/eval_paired.py:18: FutureWarning: You are using `torch.load` with `weights_only=False` (the current default value), which uses the default pickle module implicitly. It is possible to construct malicious pickle data which will execute arbitrary code during unpickling (See https://github.com/pytorch/pytorch/blob/main/SECURITY.md#untrusted-models for more details). In a future release, the default value for `weights_only` will be flipped to `True`. This limits the functions that could be executed during unpickling. Arbitrary objects will no longer be allowed to be loaded via this mode unless they are explicitly allowlisted by the user via `torch.serialization.add_safe_globals`. We recommend you start setting `weights_only=True` for any use case where you don't have full control of the loaded file. Please open an issue on GitHub for any issues related to this experimental feature.
  model=build_model(cfg).to(device); ckpt=torch.load(args.checkpoint,map_location=device); model.load_state_dict(ckpt['model'])
{
  "psnr": 18.186532611846925,
  "ssim": 0.7693936339020729,
  "lee": 0.3225389558635652,
  "nai": 1.3569806551933288,
  "input_psnr": 11.220927743911743,
  "identity_drop": 6.965604872703552,
  "q_ece": 0.5715270459651947,
  "over": 0.00016861527245509933,
  "under": 2.690067890398495e-06,
  "E_MAE": 0.8296367967128754,
  "E_MAE_aligned": 0.6057140302471816,
  "E_corr": 0.8387112683057785
}
