+ /home/user/miniconda3/envs/cutler_dinov3/bin/python scripts/train.py --config /home/user/a1_rlef_project/configs/p5_retinex_distill/p5_p5_rd_t01_m4j_eshape_retinexformer_distill_t01.yml --output_dir /home/user/a1_rlef_project/experiments/p5_p5_rd_t01_m4j_eshape_retinexformer_distill_t01_seed3407 --device cuda --max_steps 1000
{"step": 1, "loss": 0.5071166157722473, "rec": 0.32750675082206726, "distill": 0.2857998013496399, "phys": 0.26393914222717285, "poisson": 0.4370364248752594, "gauge": 1.1855700016021729, "e_shape": 1.1746476888656616, "id": 0.023102611303329468, "gate": 0.33025386929512024, "wtv": 0.17413543164730072}
{"step": 100, "loss": 0.2244485765695572, "rec": 0.17161041498184204, "distill": 0.16449397802352905, "phys": 0.15357038378715515, "poisson": 0.08738763630390167, "gauge": 0.2050376832485199, "e_shape": 0.6500009298324585, "id": 0.01533987745642662, "gate": 0.29537254571914673, "wtv": 0.062444671988487244}
{"step": 200, "loss": 0.19980297982692719, "rec": 0.1456834226846695, "distill": 0.14539331197738647, "phys": 0.16902053356170654, "poisson": 0.08713830262422562, "gauge": 0.10922101140022278, "e_shape": 0.7169636487960815, "id": 0.025349123403429985, "gate": 0.26148754358291626, "wtv": 0.053411565721035004}
{"step": 300, "loss": 0.2775895893573761, "rec": 0.21914057433605194, "distill": 0.1926271766424179, "phys": 0.17183667421340942, "poisson": 0.06265390664339066, "gauge": 0.41433900594711304, "e_shape": 0.5829779505729675, "id": 0.028198132291436195, "gate": 0.20738960802555084, "wtv": 0.03628639876842499}
{"step": 400, "loss": 0.16437067091464996, "rec": 0.12637507915496826, "distill": 0.10761900991201401, "phys": 0.12847577035427094, "poisson": 0.07194757461547852, "gauge": 0.1900329887866974, "e_shape": 0.3310485780239105, "id": 0.010376384481787682, "gate": 0.2937786281108856, "wtv": 0.03193178027868271}
{"step": 500, "loss": 0.20963622629642487, "rec": 0.16731847822666168, "distill": 0.16567204892635345, "phys": 0.13192754983901978, "poisson": 0.1686546802520752, "gauge": 0.21091139316558838, "e_shape": 0.43966948986053467, "id": 0.018666524440050125, "gate": 0.1754627823829651, "wtv": 0.038352131843566895}
{"step": 600, "loss": 0.25236138701438904, "rec": 0.1841023713350296, "distill": 0.1692357063293457, "phys": 0.12994757294654846, "poisson": 0.5115921497344971, "gauge": 0.35770082473754883, "e_shape": 0.37771040201187134, "id": 0.006155950017273426, "gate": 0.29395437240600586, "wtv": 0.041830092668533325}
{"step": 700, "loss": 0.19481544196605682, "rec": 0.15209561586380005, "distill": 0.15163767337799072, "phys": 0.12660914659500122, "poisson": 0.06063142418861389, "gauge": 0.21637502312660217, "e_shape": 0.4731212258338928, "id": 0.0366874523460865, "gate": 0.22202979028224945, "wtv": 0.034695908427238464}
{"step": 800, "loss": 0.20162612199783325, "rec": 0.1564418226480484, "distill": 0.1451474130153656, "phys": 0.13052935898303986, "poisson": 0.09657435119152069, "gauge": 0.26085221767425537, "e_shape": 0.4143470227718353, "id": 0.02344520203769207, "gate": 0.2627960741519928, "wtv": 0.03332819789648056}
{"step": 900, "loss": 0.15164265036582947, "rec": 0.11610254645347595, "distill": 0.11375173926353455, "phys": 0.10421410202980042, "poisson": 0.15118378400802612, "gauge": 0.15599146485328674, "e_shape": 0.2691728472709656, "id": 0.01558710727840662, "gate": 0.2914581000804901, "wtv": 0.030285367742180824}
{"step": 1000, "loss": 0.2407846450805664, "rec": 0.17817723751068115, "distill": 0.17609047889709473, "phys": 0.14082781970500946, "poisson": 0.4101741313934326, "gauge": 0.268743634223938, "e_shape": 0.4671410322189331, "id": 0.02605893462896347, "gate": 0.2741442918777466, "wtv": 0.029158808290958405}
{
  "DONE": true,
  "run_id": "p5_p5_rd_t01_m4j_eshape_retinexformer_distill_t01_seed3407",
  "command": "scripts/train.py --config /home/user/a1_rlef_project/configs/p5_retinex_distill/p5_p5_rd_t01_m4j_eshape_retinexformer_distill_t01.yml --output_dir /home/user/a1_rlef_project/experiments/p5_p5_rd_t01_m4j_eshape_retinexformer_distill_t01_seed3407 --device cuda --max_steps 1000",
  "steps": 1000,
  "elapsed_sec": 120.42328310012817,
  "config": {
    "seed": 3407,
    "protocol": {
      "stage": "P5 Retinexformer teacher distillation",
      "variant_id": "P5_RD_T01",
      "variant_name": "m4j_eshape_retinexformer_distill_t01",
      "notes": "Keep RLEF M4J_ES heads; distill paired LOL-v2 training samples from official Retinexformer outputs while UEFB remains supervised by GT."
    },
    "model": {
      "base_channels": 24,
      "e_max": 3.5,
      "exposure_branch": true,
      "adaptive_gauge": true,
      "fixed_gauge": null,
      "physics_branch": true,
      "gate_branch": true,
      "q_branch": false
    },
    "training": {
      "batch_size": 8,
      "max_steps": 1000,
      "lr": 0.0002,
      "weight_decay": 0.0001,
      "crop_size": 128,
      "log_every": 100,
      "num_workers": 0,
      "grad_clip": 1.0
    },
    "eval": {
      "batch_size": 1
    },
    "data": {
      "train": [
        {
          "type": "uefb",
          "root": "/home/user/a1_rlef_project/data/UEFB-v2/train",
          "crop_size": 128,
          "augment": true,
          "max_images": null
        },
        {
          "type": "paired_rgb",
          "low_dir": "/home/user/a1_rlef_project/data/LOL-v2/Real_captured/Train/Low",
          "high_dir": "/home/user/a1_rlef_project/data/LOL-v2/Real_captured/Train/Normal",
          "teacher_dir": "/home/user/a1_rlef_project/experiments/p5_retinexformer_train_teacher/real",
          "crop_size": 128,
          "augment": true,
          "max_images": null,
          "name": "LOL-v2-real-train-retinex-teacher"
        },
        {
          "type": "paired_rgb",
          "low_dir": "/home/user/a1_rlef_project/data/LOL-v2/Synthetic/Train/Low",
          "high_dir": "/home/user/a1_rlef_project/data/LOL-v2/Synthetic/Train/Normal",
          "teacher_dir": "/home/user/a1_rlef_project/experiments/p5_retinexformer_train_teacher/synthetic",
          "crop_size": 128,
          "augment": true,
          "max_images": null,
          "name": "LOL-v2-synthetic-train-retinex-teacher"
        }
      ],
      "val": {
        "type": "uefb",
        "root": "/home/user/a1_rlef_project/data/UEFB-v2/test",
        "crop_size": null,
        "augment": false,
        "max_images": null
      }
    },
    "loss": {
      "rec": 0.7,
      "distill": 0.1,
      "phys": 0.15,
      "poisson": 0.05,
      "gauge": 0.1,
      "id": 0.02,
      "gate": 0.02,
      "wtv": 0.02,
      "e_shape": 0.05,
      "e_shape_kernel": 7
    }
  },
  "metrics": {
    "psnr": 17.948256567001344,
    "ssim": 0.8028169150352478,
    "lee": 0.2624223868697882,
    "nai": 1.7029588233232498,
    "input_psnr": 12.995622906684876,
    "identity_drop": 4.952633658409119,
    "q_ece": 0.42985034704208375,
    "over": 1.8920899801742052e-06,
    "under": 2.0446777398319684e-06,
    "E_MAE": 0.27022589959204196,
    "E_MAE_aligned": 0.20904067297279835,
    "E_corr": 0.4378207865888253
  },
  "checkpoint": "/home/user/a1_rlef_project/experiments/p5_p5_rd_t01_m4j_eshape_retinexformer_distill_t01_seed3407/checkpoints/last.pth"
}
+ /home/user/miniconda3/envs/cutler_dinov3/bin/python scripts/eval_paired.py --config /home/user/a1_rlef_project/configs/p5_retinex_distill/p5_p5_rd_t01_m4j_eshape_retinexformer_distill_t01.yml --checkpoint /home/user/a1_rlef_project/experiments/p5_p5_rd_t01_m4j_eshape_retinexformer_distill_t01_seed3407/checkpoints/last.pth --low_dir /home/user/a1_rlef_project/data/LOL-v2/Real_captured/Test/Low --high_dir /home/user/a1_rlef_project/data/LOL-v2/Real_captured/Test/Normal --output_dir /home/user/a1_rlef_project/experiments/p5_p5_rd_t01_m4j_eshape_retinexformer_distill_t01_seed3407/paired_eval/real --device cuda
/home/user/a1_rlef_project/scripts/eval_paired.py:18: FutureWarning: You are using `torch.load` with `weights_only=False` (the current default value), which uses the default pickle module implicitly. It is possible to construct malicious pickle data which will execute arbitrary code during unpickling (See https://github.com/pytorch/pytorch/blob/main/SECURITY.md#untrusted-models for more details). In a future release, the default value for `weights_only` will be flipped to `True`. This limits the functions that could be executed during unpickling. Arbitrary objects will no longer be allowed to be loaded via this mode unless they are explicitly allowlisted by the user via `torch.serialization.add_safe_globals`. We recommend you start setting `weights_only=True` for any use case where you don't have full control of the loaded file. Please open an issue on GitHub for any issues related to this experimental feature.
  model=build_model(cfg).to(device); ckpt=torch.load(args.checkpoint,map_location=device); model.load_state_dict(ckpt['model'])
{
  "psnr": 19.587578945159912,
  "ssim": 0.7767173606157303,
  "lee": 0.23153448212891817,
  "nai": 2.3266890048980713,
  "input_psnr": 9.718215217590332,
  "identity_drop": 9.869363732337952,
  "q_ece": 0.5608837473392486,
  "over": 2.498611138889828e-05,
  "under": 0.0,
  "E_MAE": 0.5698237316310406,
  "E_MAE_aligned": 0.3030995362251997,
  "E_corr": 0.610292309820652
}
+ /home/user/miniconda3/envs/cutler_dinov3/bin/python scripts/eval_paired.py --config /home/user/a1_rlef_project/configs/p5_retinex_distill/p5_p5_rd_t01_m4j_eshape_retinexformer_distill_t01.yml --checkpoint /home/user/a1_rlef_project/experiments/p5_p5_rd_t01_m4j_eshape_retinexformer_distill_t01_seed3407/checkpoints/last.pth --low_dir /home/user/a1_rlef_project/data/LOL-v2/Synthetic/Test/Low --high_dir /home/user/a1_rlef_project/data/LOL-v2/Synthetic/Test/Normal --output_dir /home/user/a1_rlef_project/experiments/p5_p5_rd_t01_m4j_eshape_retinexformer_distill_t01_seed3407/paired_eval/synthetic --device cuda
/home/user/a1_rlef_project/scripts/eval_paired.py:18: FutureWarning: You are using `torch.load` with `weights_only=False` (the current default value), which uses the default pickle module implicitly. It is possible to construct malicious pickle data which will execute arbitrary code during unpickling (See https://github.com/pytorch/pytorch/blob/main/SECURITY.md#untrusted-models for more details). In a future release, the default value for `weights_only` will be flipped to `True`. This limits the functions that could be executed during unpickling. Arbitrary objects will no longer be allowed to be loaded via this mode unless they are explicitly allowlisted by the user via `torch.serialization.add_safe_globals`. We recommend you start setting `weights_only=True` for any use case where you don't have full control of the loaded file. Please open an issue on GitHub for any issues related to this experimental feature.
  model=build_model(cfg).to(device); ckpt=torch.load(args.checkpoint,map_location=device); model.load_state_dict(ckpt['model'])
{
  "psnr": 17.959694328308107,
  "ssim": 0.7584883132576943,
  "lee": 0.31035606367513535,
  "nai": 1.227961831688881,
  "input_psnr": 11.220927743911743,
  "identity_drop": 6.7387665843963624,
  "q_ece": 0.5754352542757988,
  "over": 8.81618930179684e-07,
  "under": 0.0,
  "E_MAE": 0.6568364768475294,
  "E_MAE_aligned": 0.4606095265969634,
  "E_corr": 0.8296692168712616
}
