+ /home/user/miniconda3/envs/cutler_dinov3/bin/python scripts/train.py --config /home/user/a1_rlef_project/configs/p3c_multiseed_sweep/p3c_m4j_es_seed3407_e0100.yml --output_dir /home/user/a1_rlef_project/experiments/p3c_m4j_es_seed3407_e0100 --device cuda --max_steps 1000
{"step": 1, "loss": 0.6355210542678833, "rec": 0.32750675082206726, "phys": 0.26393914222717285, "poisson": 0.4370364248752594, "gauge": 1.1855700016021729, "e_shape": 1.1746476888656616, "id": 0.023102611303329468, "gate": 0.33025386929512024, "wtv": 0.17413543164730072}
{"step": 100, "loss": 0.2912130355834961, "rec": 0.16920205950737, "phys": 0.15273743867874146, "poisson": 0.09094823151826859, "gauge": 0.22253137826919556, "e_shape": 0.6508684754371643, "id": 0.015895504504442215, "gate": 0.2801344096660614, "wtv": 0.06461717188358307}
{"step": 200, "loss": 0.26689863204956055, "rec": 0.1519167274236679, "phys": 0.1459895819425583, "poisson": 0.09067057073116302, "gauge": 0.1417648196220398, "e_shape": 0.6710288524627686, "id": 0.022927068173885345, "gate": 0.2859988212585449, "wtv": 0.05460282415151596}
{"step": 300, "loss": 0.34470418095588684, "rec": 0.20979125797748566, "phys": 0.16776621341705322, "poisson": 0.07029306888580322, "gauge": 0.4191301465034485, "e_shape": 0.5860487222671509, "id": 0.02651510015130043, "gate": 0.21654333174228668, "wtv": 0.04271438717842102}
{"step": 400, "loss": 0.20885542035102844, "rec": 0.128173828125, "phys": 0.12771275639533997, "poisson": 0.07770058512687683, "gauge": 0.18528816103935242, "e_shape": 0.3223925530910492, "id": 0.01177637092769146, "gate": 0.2945656180381775, "wtv": 0.03723684325814247}
{"step": 500, "loss": 0.27273428440093994, "rec": 0.17080584168434143, "phys": 0.12707586586475372, "poisson": 0.17162245512008667, "gauge": 0.23308679461479187, "e_shape": 0.4603603482246399, "id": 0.019926514476537704, "gate": 0.18808668851852417, "wtv": 0.03904825076460838}
{"step": 600, "loss": 0.31256115436553955, "rec": 0.18989381194114685, "phys": 0.12905675172805786, "poisson": 0.5152267217636108, "gauge": 0.3350934386253357, "e_shape": 0.3673325479030609, "id": 0.00567106856033206, "gate": 0.3189374804496765, "wtv": 0.040637001395225525}
{"step": 700, "loss": 0.24006029963493347, "rec": 0.14285868406295776, "phys": 0.11910651624202728, "poisson": 0.05983502417802811, "gauge": 0.23991933465003967, "e_shape": 0.4628688097000122, "id": 0.034020647406578064, "gate": 0.23578007519245148, "wtv": 0.033452585339546204}
{"step": 800, "loss": 0.273785263299942, "rec": 0.1648160219192505, "phys": 0.13843032717704773, "poisson": 0.09456274658441544, "gauge": 0.31171882152557373, "e_shape": 0.4528634548187256, "id": 0.025166139006614685, "gate": 0.2954128384590149, "wtv": 0.030337456613779068}
{"step": 900, "loss": 0.19688168168067932, "rec": 0.11589543521404266, "phys": 0.10603831708431244, "poisson": 0.14879170060157776, "gauge": 0.22321680188179016, "e_shape": 0.2865120470523834, "id": 0.015211425721645355, "gate": 0.2952309846878052, "wtv": 0.0229591466486454}
{"step": 1000, "loss": 0.2748335003852844, "rec": 0.15956217050552368, "phys": 0.13308438658714294, "poisson": 0.409856915473938, "gauge": 0.24444597959518433, "e_shape": 0.4389578104019165, "id": 0.027734065428376198, "gate": 0.2712702453136444, "wtv": 0.024768944829702377}
{
  "DONE": true,
  "run_id": "p3c_m4j_es_seed3407_e0100",
  "command": "scripts/train.py --config /home/user/a1_rlef_project/configs/p3c_multiseed_sweep/p3c_m4j_es_seed3407_e0100.yml --output_dir /home/user/a1_rlef_project/experiments/p3c_m4j_es_seed3407_e0100 --device cuda --max_steps 1000",
  "steps": 1000,
  "elapsed_sec": 192.39709281921387,
  "config": {
    "seed": 3407,
    "protocol": {
      "stage": "P3c M4J_ES multi-seed and e_shape sweep",
      "variant_id": "M4J_ES",
      "variant_name": "m4_joint_eshape",
      "seed": 3407,
      "e_shape": 0.1,
      "notes": "M4 gate joint-training on UEFB-v2 + LOL-v2-real + LOL-v2-synthetic with low-pass E-shape consistency; P3c validates 3-seed stability and e_shape trade-off."
    },
    "model": {
      "base_channels": 24,
      "e_max": 3.5,
      "exposure_branch": true,
      "adaptive_gauge": true,
      "fixed_gauge": null,
      "physics_branch": true,
      "gate_branch": true,
      "q_branch": false
    },
    "training": {
      "batch_size": 8,
      "max_steps": 1000,
      "lr": 0.0002,
      "weight_decay": 0.0001,
      "crop_size": 128,
      "log_every": 100,
      "num_workers": 0,
      "grad_clip": 1.0
    },
    "eval": {
      "batch_size": 1
    },
    "data": {
      "train": [
        {
          "type": "uefb",
          "root": "/home/user/a1_rlef_project/data/UEFB-v2/train",
          "crop_size": 128,
          "augment": true,
          "max_images": null
        },
        {
          "type": "paired_rgb",
          "low_dir": "/home/user/a1_rlef_project/data/LOL-v2/Real_captured/Train/Low",
          "high_dir": "/home/user/a1_rlef_project/data/LOL-v2/Real_captured/Train/Normal",
          "crop_size": 128,
          "augment": true,
          "max_images": null,
          "name": "LOL-v2-real-train"
        },
        {
          "type": "paired_rgb",
          "low_dir": "/home/user/a1_rlef_project/data/LOL-v2/Synthetic/Train/Low",
          "high_dir": "/home/user/a1_rlef_project/data/LOL-v2/Synthetic/Train/Normal",
          "crop_size": 128,
          "augment": true,
          "max_images": null,
          "name": "LOL-v2-synthetic-train"
        }
      ],
      "val": {
        "type": "uefb",
        "root": "/home/user/a1_rlef_project/data/UEFB-v2/test",
        "crop_size": null,
        "augment": false,
        "max_images": null
      }
    },
    "loss": {
      "rec": 1.0,
      "phys": 0.15,
      "poisson": 0.05,
      "gauge": 0.1,
      "id": 0.02,
      "gate": 0.02,
      "wtv": 0.02,
      "e_shape": 0.1,
      "e_shape_kernel": 7
    }
  },
  "metrics": {
    "psnr": 18.10062364578247,
    "ssim": 0.8067045341730118,
    "lee": 0.2636518543623388,
    "nai": 1.7299255564212799,
    "input_psnr": 12.995622906684876,
    "identity_drop": 5.105000737190246,
    "q_ece": 0.41210115793347357,
    "over": 1.281738320358272e-06,
    "under": 7.476806834347372e-06,
    "E_MAE": 0.26698907202482225,
    "E_MAE_aligned": 0.1905010990127921,
    "E_corr": 0.4569566066390689
  },
  "checkpoint": "/home/user/a1_rlef_project/experiments/p3c_m4j_es_seed3407_e0100/checkpoints/last.pth"
}
+ /home/user/miniconda3/envs/cutler_dinov3/bin/python scripts/eval_paired.py --config /home/user/a1_rlef_project/configs/p3c_multiseed_sweep/p3c_m4j_es_seed3407_e0100.yml --checkpoint /home/user/a1_rlef_project/experiments/p3c_m4j_es_seed3407_e0100/checkpoints/last.pth --low_dir /home/user/a1_rlef_project/data/LOL-v2/Real_captured/Test/Low --high_dir /home/user/a1_rlef_project/data/LOL-v2/Real_captured/Test/Normal --output_dir /home/user/a1_rlef_project/experiments/p3c_m4j_es_seed3407_e0100/paired_eval/real --device cuda
/home/user/a1_rlef_project/scripts/eval_paired.py:18: FutureWarning: You are using `torch.load` with `weights_only=False` (the current default value), which uses the default pickle module implicitly. It is possible to construct malicious pickle data which will execute arbitrary code during unpickling (See https://github.com/pytorch/pytorch/blob/main/SECURITY.md#untrusted-models for more details). In a future release, the default value for `weights_only` will be flipped to `True`. This limits the functions that could be executed during unpickling. Arbitrary objects will no longer be allowed to be loaded via this mode unless they are explicitly allowlisted by the user via `torch.serialization.add_safe_globals`. We recommend you start setting `weights_only=True` for any use case where you don't have full control of the loaded file. Please open an issue on GitHub for any issues related to this experimental feature.
  model=build_model(cfg).to(device); ckpt=torch.load(args.checkpoint,map_location=device); model.load_state_dict(ckpt['model'])
{
  "psnr": 20.17924370765686,
  "ssim": 0.7846959042549133,
  "lee": 0.22875097531825303,
  "nai": 2.417672485113144,
  "input_psnr": 9.718215217590332,
  "identity_drop": 10.461028494834899,
  "q_ece": 0.5310523295402527,
  "over": 1.2611111433216138e-05,
  "under": 0.0,
  "E_MAE": 0.5182888759672641,
  "E_MAE_aligned": 0.30515058636665343,
  "E_corr": 0.6304938986897468
}
+ /home/user/miniconda3/envs/cutler_dinov3/bin/python scripts/eval_paired.py --config /home/user/a1_rlef_project/configs/p3c_multiseed_sweep/p3c_m4j_es_seed3407_e0100.yml --checkpoint /home/user/a1_rlef_project/experiments/p3c_m4j_es_seed3407_e0100/checkpoints/last.pth --low_dir /home/user/a1_rlef_project/data/LOL-v2/Synthetic/Test/Low --high_dir /home/user/a1_rlef_project/data/LOL-v2/Synthetic/Test/Normal --output_dir /home/user/a1_rlef_project/experiments/p3c_m4j_es_seed3407_e0100/paired_eval/synthetic --device cuda
/home/user/a1_rlef_project/scripts/eval_paired.py:18: FutureWarning: You are using `torch.load` with `weights_only=False` (the current default value), which uses the default pickle module implicitly. It is possible to construct malicious pickle data which will execute arbitrary code during unpickling (See https://github.com/pytorch/pytorch/blob/main/SECURITY.md#untrusted-models for more details). In a future release, the default value for `weights_only` will be flipped to `True`. This limits the functions that could be executed during unpickling. Arbitrary objects will no longer be allowed to be loaded via this mode unless they are explicitly allowlisted by the user via `torch.serialization.add_safe_globals`. We recommend you start setting `weights_only=True` for any use case where you don't have full control of the loaded file. Please open an issue on GitHub for any issues related to this experimental feature.
  model=build_model(cfg).to(device); ckpt=torch.load(args.checkpoint,map_location=device); model.load_state_dict(ckpt['model'])
{
  "psnr": 17.820894365310668,
  "ssim": 0.7588589298725128,
  "lee": 0.3310771267861128,
  "nai": 1.2720250952243806,
  "input_psnr": 11.220927743911743,
  "identity_drop": 6.5999666118621825,
  "q_ece": 0.5827516657114029,
  "over": 1.0353370930715755e-05,
  "under": 0.0,
  "E_MAE": 0.6842454659566283,
  "E_MAE_aligned": 0.4983179059997201,
  "E_corr": 0.8006866246461868
}
