note: Running TeX ...
note: downloading IEEEtran.cls
note: downloading lmroman8-regular.otf
warning: sections/introduction:5: Underfull \hbox (badness 2351) in paragraph at lines 4--5
warning: sections/related_work:15: Overfull \hbox (0.50966pt too wide) in paragraph at lines 14--15
warning: sections/method:44: Overfull \hbox (19.18814pt too wide) detected at line 44
warning: sections/experiments:50: Overfull \hbox (83.1968pt too wide) in paragraph at lines 40--50
warning: sections/experiments:63: Underfull \hbox (badness 1694) in paragraph at lines 62--63
warning: sections/experiments:63: Underfull \hbox (badness 4060) in paragraph at lines 62--63
warning: sections/experiments:71: Underfull \hbox (badness 1478) in paragraph at lines 70--71
warning: sections/limitations_conclusion:5: Underfull \vbox (badness 10000) has occurred while \output is active
warning: appendix/negative_route_audit_table:27: Overfull \hbox (95.9761pt too wide) in paragraph at lines 4--27
note: Running BibTeX on gir_field_ieee_conference.aux ...
note: downloading IEEEtran.bst
note: Rerunning TeX because bibtex was run ...
warning: sections/introduction:5: Underfull \hbox (badness 2351) in paragraph at lines 4--5
warning: sections/related_work:15: Overfull \hbox (0.50966pt too wide) in paragraph at lines 14--15
warning: sections/method:44: Overfull \hbox (19.18814pt too wide) detected at line 44
warning: sections/experiments:50: Overfull \hbox (83.1968pt too wide) in paragraph at lines 40--50
warning: sections/experiments:63: Underfull \hbox (badness 1694) in paragraph at lines 62--63
warning: sections/experiments:63: Underfull \hbox (badness 4060) in paragraph at lines 62--63
warning: sections/experiments:71: Underfull \hbox (badness 1478) in paragraph at lines 70--71
warning: sections/limitations_conclusion:5: Underfull \vbox (badness 10000) has occurred while \output is active
warning: appendix/negative_route_audit_table:27: Overfull \hbox (95.9761pt too wide) in paragraph at lines 4--27
warning: gir_field_ieee_conference.bbl:48: Underfull \hbox (badness 10000) in paragraph at lines 42--48
warning: gir_field_ieee_conference.bbl:48: Underfull \hbox (badness 10000) in paragraph at lines 42--48
warning: gir_field_ieee_conference.bbl:62: Underfull \hbox (badness 10000) in paragraph at lines 56--62
warning: gir_field_ieee_conference.bbl:62: Underfull \hbox (badness 10000) in paragraph at lines 56--62
note: Rerunning TeX because "gir_field_ieee_conference.aux" changed ...
warning: sections/introduction:5: Underfull \hbox (badness 2351) in paragraph at lines 4--5
warning: sections/related_work:15: Overfull \hbox (0.50966pt too wide) in paragraph at lines 14--15
warning: sections/method:44: Overfull \hbox (19.18814pt too wide) detected at line 44
warning: sections/experiments:50: Overfull \hbox (83.1968pt too wide) in paragraph at lines 40--50
warning: sections/experiments:63: Underfull \hbox (badness 1694) in paragraph at lines 62--63
warning: sections/experiments:63: Underfull \hbox (badness 4060) in paragraph at lines 62--63
warning: sections/experiments:71: Underfull \hbox (badness 1478) in paragraph at lines 70--71
warning: sections/limitations_conclusion:5: Underfull \vbox (badness 10000) has occurred while \output is active
warning: appendix/negative_route_audit_table:27: Overfull \hbox (95.9761pt too wide) in paragraph at lines 4--27
warning: gir_field_ieee_conference.bbl:48: Underfull \hbox (badness 10000) in paragraph at lines 42--48
warning: gir_field_ieee_conference.bbl:48: Underfull \hbox (badness 10000) in paragraph at lines 42--48
warning: gir_field_ieee_conference.bbl:62: Underfull \hbox (badness 10000) in paragraph at lines 56--62
warning: gir_field_ieee_conference.bbl:62: Underfull \hbox (badness 10000) in paragraph at lines 56--62
warning: warnings were issued by the TeX engine; use --print and/or --keep-logs for details.
note: Running xdvipdfmx ...
note: downloading cmmi8.pfb
note: downloading cmr8.pfb
note: Writing `build_ieee/gir_field_ieee_conference.blg` (400 B)
note: Writing `build_ieee/gir_field_ieee_conference.out` (5.81640625 KiB)
note: Writing `build_ieee/gir_field_ieee_conference.pdf` (288.6845703125 KiB)
note: Writing `build_ieee/gir_field_ieee_conference.aux` (11.126953125 KiB)
note: Writing `build_ieee/gir_field_ieee_conference.log` (19.984375 KiB)
note: Writing `build_ieee/gir_field_ieee_conference.bbl` (3.5419921875 KiB)
